# JRE version: OpenJDK Runtime Environment (8.0_212-b04) (build 1.8.0_212-release-1586-b04)
# Java VM: OpenJDK 64-Bit Server VM (25.212-b04 mixed mode windows-amd64 compressed oops)
Heap:
 PSYoungGen      total 203776K, used 85074K [0x00000000e0000000, 0x00000000f2e00000, 0x0000000100000000)
  eden space 178176K, 33% used [0x00000000e0000000,0x00000000e3a1b530,0x00000000eae00000)
  from space 25600K, 99% used [0x00000000eae00000,0x00000000ec6f9390,0x00000000ec700000)
  to   space 38400K, 0% used [0x00000000f0880000,0x00000000f0880000,0x00000000f2e00000)
 ParOldGen       total 147968K, used 64012K [0x00000000a0000000, 0x00000000a9080000, 0x00000000e0000000)
  object space 147968K, 43% used [0x00000000a0000000,0x00000000a3e83390,0x00000000a9080000)
 Metaspace       used 72517K, capacity 75546K, committed 75688K, reserved 1114112K
  class space    used 9741K, capacity 10391K, committed 10408K, reserved 1048576K
GC Heap History (10 events):
Event: 624.276 GC heap before
{Heap before GC invocations=14 (full 2):
 PSYoungGen      total 134656K, used 123417K [0x00000000e0000000, 0x00000000eb000000, 0x0000000100000000)
  eden space 121856K, 90% used [0x00000000e0000000,0x00000000e6c0a488,0x00000000e7700000)
  from space 12800K, 99% used [0x00000000e7700000,0x00000000e837c160,0x00000000e8380000)
  to   space 16384K, 0% used [0x00000000ea000000,0x00000000ea000000,0x00000000eb000000)
 ParOldGen       total 99840K, used 24191K [0x00000000a0000000, 0x00000000a6180000, 0x00000000e0000000)
  object space 99840K, 24% used [0x00000000a0000000,0x00000000a179fd50,0x00000000a6180000)
 Metaspace       used 56991K, capacity 59060K, committed 59160K, reserved 1099776K
  class space    used 7526K, capacity 8019K, committed 8104K, reserved 1048576K
Event: 624.302 GC heap after
Heap after GC invocations=14 (full 2):
 PSYoungGen      total 158720K, used 16380K [0x00000000e0000000, 0x00000000ebc00000, 0x0000000100000000)
  eden space 142336K, 0% used [0x00000000e0000000,0x00000000e0000000,0x00000000e8b00000)
  from space 16384K, 99% used [0x00000000ea000000,0x00000000eafff3b0,0x00000000eb000000)
  to   space 21504K, 0% used [0x00000000e8b00000,0x00000000e8b00000,0x00000000ea000000)
 ParOldGen       total 99840K, used 32932K [0x00000000a0000000, 0x00000000a6180000, 0x00000000e0000000)
  object space 99840K, 32% used [0x00000000a0000000,0x00000000a2029008,0x00000000a6180000)
 Metaspace       used 56991K, capacity 59060K, committed 59160K, reserved 1099776K
  class space    used 7526K, capacity 8019K, committed 8104K, reserved 1048576K
}
Event: 624.302 GC heap before
{Heap before GC invocations=15 (full 3):
 PSYoungGen      total 158720K, used 16380K [0x00000000e0000000, 0x00000000ebc00000, 0x0000000100000000)
  eden space 142336K, 0% used [0x00000000e0000000,0x00000000e0000000,0x00000000e8b00000)
  from space 16384K, 99% used [0x00000000ea000000,0x00000000eafff3b0,0x00000000eb000000)
  to   space 21504K, 0% used [0x00000000e8b00000,0x00000000e8b00000,0x00000000ea000000)
 ParOldGen       total 99840K, used 32932K [0x00000000a0000000, 0x00000000a6180000, 0x00000000e0000000)
  object space 99840K, 32% used [0x00000000a0000000,0x00000000a2029008,0x00000000a6180000)
 Metaspace       used 56991K, capacity 59060K, committed 59160K, reserved 1099776K
  class space    used 7526K, capacity 8019K, committed 8104K, reserved 1048576K
Event: 624.577 GC heap after
Heap after GC invocations=15 (full 3):
 PSYoungGen      total 158720K, used 0K [0x00000000e0000000, 0x00000000ebc00000, 0x0000000100000000)
  eden space 142336K, 0% used [0x00000000e0000000,0x00000000e0000000,0x00000000e8b00000)
  from space 16384K, 0% used [0x00000000ea000000,0x00000000ea000000,0x00000000eb000000)
  to   space 21504K, 0% used [0x00000000e8b00000,0x00000000e8b00000,0x00000000ea000000)
 ParOldGen       total 147968K, used 39095K [0x00000000a0000000, 0x00000000a9080000, 0x00000000e0000000)
  object space 147968K, 26% used [0x00000000a0000000,0x00000000a262deb8,0x00000000a9080000)
 Metaspace       used 56957K, capacity 58948K, committed 59160K, reserved 1099776K
  class space    used 7517K, capacity 8007K, committed 8104K, reserved 1048576K
}
Event: 626.690 GC heap before
{Heap before GC invocations=16 (full 3):
 PSYoungGen      total 158720K, used 142336K [0x00000000e0000000, 0x00000000ebc00000, 0x0000000100000000)
  eden space 142336K, 100% used [0x00000000e0000000,0x00000000e8b00000,0x00000000e8b00000)
  from space 16384K, 0% used [0x00000000ea000000,0x00000000ea000000,0x00000000eb000000)
  to   space 21504K, 0% used [0x00000000e8b00000,0x00000000e8b00000,0x00000000ea000000)
 ParOldGen       total 147968K, used 39095K [0x00000000a0000000, 0x00000000a9080000, 0x00000000e0000000)
  object space 147968K, 26% used [0x00000000a0000000,0x00000000a262deb8,0x00000000a9080000)
 Metaspace       used 67137K, capacity 69646K, committed 69928K, reserved 1110016K
  class space    used 9105K, capacity 9679K, committed 9768K, reserved 1048576K
Event: 626.711 GC heap after
Heap after GC invocations=16 (full 3):
 PSYoungGen      total 163840K, used 15736K [0x00000000e0000000, 0x00000000edd00000, 0x0000000100000000)
  eden space 142336K, 0% used [0x00000000e0000000,0x00000000e0000000,0x00000000e8b00000)
  from space 21504K, 73% used [0x00000000e8b00000,0x00000000e9a5e290,0x00000000ea000000)
  to   space 22528K, 0% used [0x00000000ec700000,0x00000000ec700000,0x00000000edd00000)
 ParOldGen       total 147968K, used 39103K [0x00000000a0000000, 0x00000000a9080000, 0x00000000e0000000)
  object space 147968K, 26% used [0x00000000a0000000,0x00000000a262feb8,0x00000000a9080000)
 Metaspace       used 67137K, capacity 69646K, committed 69928K, reserved 1110016K
  class space    used 9105K, capacity 9679K, committed 9768K, reserved 1048576K
}
Event: 629.221 GC heap before
{Heap before GC invocations=17 (full 3):
 PSYoungGen      total 163840K, used 158072K [0x00000000e0000000, 0x00000000edd00000, 0x0000000100000000)
  eden space 142336K, 100% used [0x00000000e0000000,0x00000000e8b00000,0x00000000e8b00000)
  from space 21504K, 73% used [0x00000000e8b00000,0x00000000e9a5e290,0x00000000ea000000)
  to   space 22528K, 0% used [0x00000000ec700000,0x00000000ec700000,0x00000000edd00000)
 ParOldGen       total 147968K, used 39103K [0x00000000a0000000, 0x00000000a9080000, 0x00000000e0000000)
  object space 147968K, 26% used [0x00000000a0000000,0x00000000a262feb8,0x00000000a9080000)
 Metaspace       used 70457K, capacity 73354K, committed 73512K, reserved 1112064K
  class space    used 9540K, capacity 10155K, committed 10280K, reserved 1048576K
Event: 629.246 GC heap after
Heap after GC invocations=17 (full 3):
 PSYoungGen      total 200704K, used 22277K [0x00000000e0000000, 0x00000000ee200000, 0x0000000100000000)
  eden space 178176K, 0% used [0x00000000e0000000,0x00000000e0000000,0x00000000eae00000)
  from space 22528K, 98% used [0x00000000ec700000,0x00000000edcc1658,0x00000000edd00000)
  to   space 25600K, 0% used [0x00000000eae00000,0x00000000eae00000,0x00000000ec700000)
 ParOldGen       total 147968K, used 39111K [0x00000000a0000000, 0x00000000a9080000, 0x00000000e0000000)
  object space 147968K, 26% used [0x00000000a0000000,0x00000000a2631eb8,0x00000000a9080000)
 Metaspace       used 70457K, capacity 73354K, committed 73512K, reserved 1112064K
  class space    used 9540K, capacity 10155K, committed 10280K, reserved 1048576K
}
Event: 631.972 GC heap before
{Heap before GC invocations=18 (full 3):
 PSYoungGen      total 200704K, used 200453K [0x00000000e0000000, 0x00000000ee200000, 0x0000000100000000)
  eden space 178176K, 100% used [0x00000000e0000000,0x00000000eae00000,0x00000000eae00000)
  from space 22528K, 98% used [0x00000000ec700000,0x00000000edcc1658,0x00000000edd00000)
  to   space 25600K, 0% used [0x00000000eae00000,0x00000000eae00000,0x00000000ec700000)
 ParOldGen       total 147968K, used 39111K [0x00000000a0000000, 0x00000000a9080000, 0x00000000e0000000)
  object space 147968K, 26% used [0x00000000a0000000,0x00000000a2631eb8,0x00000000a9080000)
 Metaspace       used 72188K, capacity 75216K, committed 75432K, reserved 1114112K
  class space    used 9715K, capacity 10390K, committed 10408K, reserved 1048576K
Event: 632.040 GC heap after
Heap after GC invocations=18 (full 3):
 PSYoungGen      total 203776K, used 25572K [0x00000000e0000000, 0x00000000f2e00000, 0x0000000100000000)
  eden space 178176K, 0% used [0x00000000e0000000,0x00000000e0000000,0x00000000eae00000)
  from space 25600K, 99% used [0x00000000eae00000,0x00000000ec6f9390,0x00000000ec700000)
  to   space 38400K, 0% used [0x00000000f0880000,0x00000000f0880000,0x00000000f2e00000)
 ParOldGen       total 147968K, used 64012K [0x00000000a0000000, 0x00000000a9080000, 0x00000000e0000000)
  object space 147968K, 43% used [0x00000000a0000000,0x00000000a3e83390,0x00000000a9080000)
 Metaspace       used 72188K, capacity 75216K, committed 75432K, reserved 1114112K
  class space    used 9715K, capacity 10390K, committed 10408K, reserved 1048576K
}

